SF:lib\data\datasources\db\database_helper.dart
DA:9,1
DA:13,2
DA:17,1
DA:19,1
DA:20,1
DA:28,1
DA:30,1
DA:31,1
DA:33,2
DA:35,1
DA:38,1
DA:39,1
DA:40,1
DA:42,1
DA:46,1
DA:48,2
DA:51,4
DA:52,1
DA:53,1
DA:54,0
DA:55,0
DA:56,0
DA:57,0
DA:62,0
DA:67,1
DA:68,1
DA:70,1
DA:81,1
DA:101,1
DA:104,1
DA:106,1
DA:107,1
DA:109,1
DA:113,0
DA:118,1
DA:120,1
DA:121,1
DA:124,1
DA:127,0
DA:132,1
DA:134,1
DA:135,1
DA:138,1
DA:141,1
DA:142,1
DA:146,0
DA:151,1
DA:153,1
DA:154,1
DA:158,0
DA:163,1
DA:165,1
DA:166,1
DA:168,1
DA:172,0
DA:177,1
DA:179,1
DA:180,1
DA:183,2
DA:186,0
DA:191,1
DA:193,1
DA:194,1
DA:197,1
DA:200,1
DA:201,1
DA:205,0
DA:210,1
DA:212,1
DA:213,1
DA:216,0
DA:222,1
DA:223,1
DA:226,1
DA:227,2
DA:230,1
DA:233,0
DA:254,0
DA:260,0
DA:261,0
DA:262,0
DA:264,0
DA:265,0
DA:269,0
DA:270,0
DA:271,0
DA:272,0
DA:273,0
DA:276,0
DA:277,0
DA:278,0
DA:279,0
DA:284,0
DA:296,0
DA:297,0
DA:300,0
DA:301,0
DA:302,0
DA:306,0
DA:310,0
DA:314,0
DA:315,0
DA:317,0
DA:319,2
DA:321,1
DA:322,1
DA:323,1
DA:329,1
DA:330,1
DA:352,1
DA:353,1
DA:354,1
LF:112
LH:72
end_of_record
SF:lib\data\models\movie_table.dart
DA:13,3
DA:22,2
DA:23,1
DA:24,1
DA:25,1
DA:26,1
DA:27,1
DA:28,1
DA:31,4
DA:32,2
DA:33,2
DA:34,2
DA:35,2
DA:36,3
DA:37,2
DA:40,2
DA:41,1
DA:42,1
DA:43,1
DA:44,1
DA:45,1
DA:46,1
DA:49,2
DA:50,1
DA:51,1
DA:52,1
DA:53,1
DA:54,1
DA:55,1
DA:58,3
DA:59,3
DA:60,3
DA:61,3
DA:62,3
DA:63,3
DA:64,3
DA:65,3
LF:37
LH:37
end_of_record
SF:lib\data\models\tv_series_table.dart
DA:21,4
DA:40,2
DA:49,1
DA:58,4
DA:59,2
DA:60,2
DA:61,2
DA:62,2
DA:63,2
DA:64,2
DA:65,2
DA:66,2
DA:67,4
DA:68,2
DA:69,2
DA:70,2
DA:71,2
DA:72,2
DA:73,2
DA:76,3
DA:77,3
DA:78,3
DA:79,3
DA:80,4
DA:81,3
DA:82,3
DA:83,3
DA:84,5
DA:85,3
DA:86,3
DA:87,6
DA:88,2
DA:89,5
DA:90,3
DA:91,5
DA:92,3
DA:93,3
DA:94,3
DA:98,1
DA:99,1
DA:100,1
DA:101,1
DA:102,1
DA:103,1
DA:104,1
DA:105,1
DA:106,1
DA:107,1
DA:108,1
DA:109,1
DA:110,1
DA:111,1
DA:112,1
DA:113,1
DA:114,1
DA:118,3
DA:119,3
DA:120,3
DA:121,3
DA:122,3
DA:123,3
DA:124,3
DA:125,3
DA:126,3
DA:127,3
DA:128,3
DA:129,3
DA:130,3
DA:131,3
DA:132,3
DA:133,3
DA:134,3
LF:72
LH:72
end_of_record
SF:lib\common\failure.dart
DA:6,12
DA:8,3
DA:9,6
DA:13,22
DA:17,6
DA:21,14
LF:6
LH:6
end_of_record
SF:lib\domain\entities\movie.dart
DA:4,9
DA:20,2
DA:43,2
DA:44,2
DA:45,2
DA:46,2
DA:47,2
DA:48,2
DA:49,2
DA:50,2
DA:51,2
DA:52,2
DA:53,2
DA:54,2
DA:55,2
DA:56,2
DA:57,2
LF:17
LH:17
end_of_record
SF:lib\domain\entities\movie_detail.dart
DA:5,6
DA:33,1
DA:34,1
DA:35,1
DA:36,1
DA:37,1
DA:38,1
DA:39,1
DA:40,1
DA:41,1
DA:42,1
DA:43,1
DA:44,1
DA:45,1
LF:14
LH:14
end_of_record
SF:lib\domain\entities\genre.dart
DA:4,7
DA:12,1
DA:13,3
LF:3
LH:3
end_of_record
SF:lib\domain\entities\tv_series.dart
DA:18,18
DA:36,5
DA:40,1
DA:41,3
DA:42,3
DA:43,3
DA:44,3
DA:45,3
DA:46,3
DA:47,3
DA:48,3
DA:49,3
DA:50,3
DA:51,3
DA:52,3
DA:53,3
DA:54,3
DA:55,3
DA:58,1
DA:60,3
DA:61,3
DA:62,3
DA:63,3
DA:64,3
DA:65,3
DA:66,3
DA:67,3
DA:68,3
DA:69,3
DA:70,3
DA:71,3
DA:72,3
DA:73,3
DA:74,2
DA:77,1
DA:79,5
DA:80,3
DA:81,3
DA:82,3
DA:83,2
LF:40
LH:40
end_of_record
SF:lib\domain\entities\tv_series_detail.dart
DA:7,19
DA:9,2
DA:10,6
DA:35,8
DA:58,1
DA:60,21
DA:63,2
DA:64,2
DA:65,2
DA:66,2
DA:67,2
DA:68,2
DA:69,2
DA:70,2
DA:71,2
DA:72,2
DA:73,2
DA:74,2
DA:75,2
DA:76,2
DA:77,2
DA:78,2
DA:79,2
DA:80,2
DA:81,2
DA:82,2
DA:83,2
DA:84,2
LF:28
LH:28
end_of_record
SF:lib\domain\usecases\get_tv_series_detail.dart
DA:9,1
DA:11,1
DA:12,2
LF:3
LH:3
end_of_record
SF:lib\common\exception.dart
DA:6,4
LF:1
LH:1
end_of_record
SF:lib\data\datasources\movie_local_data_source.dart
DA:15,1
DA:17,1
DA:20,2
DA:23,2
DA:27,1
DA:30,3
DA:33,2
DA:37,1
DA:39,2
DA:41,1
DA:47,1
DA:49,2
DA:50,4
LF:13
LH:13
end_of_record
SF:lib\data\datasources\movie_remote_data_source.dart
DA:24,1
DA:26,1
DA:29,3
DA:31,2
DA:32,4
DA:34,1
DA:38,1
DA:41,4
DA:43,2
DA:44,3
DA:46,1
DA:50,1
DA:52,1
DA:53,3
DA:55,2
DA:56,4
DA:58,1
DA:62,1
DA:65,3
DA:67,2
DA:68,4
DA:70,1
DA:74,1
DA:77,3
DA:79,2
DA:80,4
DA:82,1
DA:86,1
DA:88,1
DA:89,3
DA:91,2
DA:92,4
DA:94,1
LF:33
LH:33
end_of_record
SF:lib\data\models\movie_detail_model.dart
DA:6,2
DA:52,1
DA:53,1
DA:54,1
DA:55,1
DA:56,1
DA:57,1
DA:58,4
DA:59,1
DA:60,1
DA:61,1
DA:62,1
DA:63,1
DA:64,1
DA:65,2
DA:66,1
DA:67,1
DA:68,1
DA:69,1
DA:70,1
DA:71,1
DA:72,1
DA:73,1
DA:74,2
DA:75,1
DA:78,0
DA:79,0
DA:80,0
DA:81,0
DA:82,0
DA:83,0
DA:84,0
DA:85,0
DA:86,0
DA:87,0
DA:88,0
DA:89,0
DA:90,0
DA:91,0
DA:92,0
DA:93,0
DA:94,0
DA:95,0
DA:96,0
DA:97,0
DA:98,0
DA:99,0
DA:102,1
DA:103,1
DA:104,1
DA:105,1
DA:106,5
DA:107,1
DA:108,1
DA:109,1
DA:110,1
DA:111,1
DA:112,1
DA:113,1
DA:114,1
DA:115,1
DA:119,1
DA:121,1
DA:122,1
DA:123,1
DA:124,1
DA:125,1
DA:126,1
DA:127,1
DA:128,1
DA:129,1
DA:130,1
DA:131,1
DA:132,1
DA:133,1
DA:134,1
DA:135,1
DA:136,1
DA:137,1
DA:138,1
DA:139,1
DA:140,1
DA:141,1
DA:142,1
LF:84
LH:62
end_of_record
SF:lib\data\models\movie_model.dart
DA:5,4
DA:35,4
DA:36,2
DA:37,2
DA:38,8
DA:39,2
DA:40,2
DA:41,2
DA:42,4
DA:43,2
DA:44,2
DA:45,2
DA:46,2
DA:47,4
DA:48,2
DA:51,2
DA:52,1
DA:53,1
DA:54,4
DA:55,1
DA:56,1
DA:57,1
DA:58,1
DA:59,1
DA:60,1
DA:61,1
DA:62,1
DA:63,1
DA:64,1
DA:67,2
DA:68,2
DA:69,2
DA:70,2
DA:71,2
DA:72,2
DA:73,2
DA:74,2
DA:75,2
DA:76,2
DA:77,2
DA:78,2
DA:79,2
DA:80,2
DA:81,2
DA:85,2
DA:86,2
DA:87,2
DA:88,2
DA:89,2
DA:90,2
DA:91,2
DA:92,2
DA:93,2
DA:94,2
DA:95,2
DA:96,2
DA:97,2
DA:98,2
DA:99,2
LF:59
LH:59
end_of_record
SF:lib\data\models\movie_response.dart
DA:7,2
DA:9,4
DA:10,4
DA:11,6
DA:12,6
DA:15,2
DA:16,5
DA:19,1
DA:20,2
LF:9
LH:9
end_of_record
SF:lib\data\models\genre_model.dart
DA:5,4
DA:13,4
DA:14,2
DA:15,2
DA:18,2
DA:19,1
DA:20,1
DA:23,2
DA:24,6
DA:27,2
DA:28,6
LF:11
LH:11
end_of_record
SF:lib\data\datasources\tv_series_local_data_source.dart
DA:9,1
DA:14,1
DA:16,2
DA:19,2
DA:26,1
DA:28,2
DA:31,2
DA:39,1
DA:41,2
DA:44,2
DA:52,1
DA:54,2
DA:55,4
DA:57,2
DA:65,1
DA:67,2
DA:68,1
DA:70,2
LF:18
LH:18
end_of_record
SF:lib\data\datasources\tv_series_remote_data_source.dart
DA:10,1
DA:12,1
DA:14,2
DA:15,3
DA:17,1
DA:21,1
DA:23,2
DA:24,3
DA:26,1
DA:30,1
DA:32,2
DA:33,3
DA:35,0
DA:39,1
DA:41,3
DA:42,3
DA:44,0
DA:48,1
DA:50,3
DA:51,2
DA:53,0
DA:57,1
DA:59,2
DA:61,1
DA:63,3
DA:65,1
LF:26
LH:23
end_of_record
SF:lib\data\models\tv_series_detail_model.dart
DA:8,2
DA:13,4
DA:14,2
DA:18,4
DA:19,2
DA:46,10
DA:69,2
DA:92,8
DA:93,4
DA:94,4
DA:95,8
DA:96,15
DA:97,3
DA:98,4
DA:99,4
DA:100,18
DA:101,4
DA:102,4
DA:103,4
DA:104,4
DA:105,4
DA:106,8
DA:107,4
DA:108,20
DA:109,4
DA:110,7
DA:111,4
DA:112,4
DA:113,4
DA:114,4
DA:115,4
DA:118,4
DA:119,2
DA:120,2
DA:121,2
DA:122,2
DA:123,10
DA:124,2
DA:125,2
DA:126,2
DA:127,2
DA:128,2
DA:129,2
DA:130,2
DA:131,8
DA:132,2
DA:133,2
DA:134,2
DA:135,2
DA:136,2
DA:139,2
DA:140,2
DA:141,2
DA:142,2
DA:143,2
DA:144,2
DA:145,10
DA:146,2
DA:147,2
DA:148,2
DA:149,2
DA:150,2
DA:151,2
DA:152,2
DA:153,2
DA:154,2
DA:155,2
DA:156,2
DA:157,2
DA:158,2
DA:159,2
DA:160,2
DA:164,1
DA:165,1
DA:166,1
DA:167,1
DA:168,1
DA:169,1
DA:170,1
DA:171,1
DA:172,1
DA:173,1
DA:174,1
DA:175,1
DA:176,1
DA:177,1
DA:178,1
DA:179,1
DA:180,1
DA:181,1
DA:182,1
DA:183,1
DA:191,6
DA:196,4
DA:197,4
DA:199,4
DA:200,2
DA:201,2
DA:205,4
DA:206,8
DA:207,8
DA:211,4
DA:212,2
DA:213,2
DA:216,2
DA:217,2
DA:218,2
DA:219,2
DA:223,1
DA:224,3
LF:110
LH:110
end_of_record
SF:lib\data\models\tv_series_model.dart
DA:20,3
DA:38,6
DA:39,3
DA:40,3
DA:41,3
DA:42,3
DA:43,6
DA:44,12
DA:45,6
DA:46,6
DA:47,3
DA:48,3
DA:49,3
DA:50,3
DA:51,3
DA:52,5
DA:53,5
DA:56,2
DA:57,1
DA:58,1
DA:59,1
DA:60,1
DA:61,1
DA:62,1
DA:63,1
DA:64,1
DA:65,1
DA:66,1
DA:67,1
DA:68,1
DA:69,1
DA:70,1
DA:71,1
DA:74,1
DA:75,1
DA:76,1
DA:77,1
DA:78,1
DA:79,1
DA:80,1
DA:81,1
DA:82,1
DA:83,1
DA:84,1
DA:85,1
DA:86,1
DA:87,1
DA:88,1
DA:89,1
DA:90,1
DA:94,0
DA:95,0
DA:96,0
DA:97,0
DA:98,0
DA:99,0
DA:100,0
DA:101,0
DA:102,0
DA:103,0
DA:104,0
DA:105,0
DA:106,0
DA:107,0
DA:108,0
DA:109,0
DA:110,0
LF:67
LH:50
end_of_record
SF:lib\data\models\tv_series_response.dart
DA:9,2
DA:16,4
DA:17,2
DA:18,1
DA:19,2
DA:20,2
DA:21,6
DA:22,8
DA:24,2
DA:25,2
DA:26,2
DA:29,2
DA:30,5
DA:31,1
DA:32,1
DA:33,1
LF:16
LH:16
end_of_record
SF:lib\data\repositories\movie_repository_impl.dart
DA:17,1
DA:22,1
DA:25,2
DA:26,5
DA:27,1
DA:28,2
DA:29,1
DA:30,2
DA:34,1
DA:37,2
DA:38,2
DA:39,1
DA:40,2
DA:41,1
DA:42,2
DA:46,1
DA:49,2
DA:50,3
DA:51,1
DA:52,2
DA:53,1
DA:54,2
DA:58,1
DA:61,2
DA:62,5
DA:63,1
DA:64,2
DA:65,1
DA:66,2
DA:70,1
DA:73,2
DA:74,5
DA:75,1
DA:76,2
DA:77,1
DA:78,2
DA:82,1
DA:85,2
DA:86,5
DA:87,1
DA:88,2
DA:89,1
DA:90,2
DA:94,1
DA:98,3
DA:99,1
DA:100,1
DA:101,3
DA:107,1
DA:111,3
DA:112,1
DA:113,1
DA:114,3
DA:118,1
DA:120,2
DA:124,1
DA:126,2
DA:127,5
LF:58
LH:58
end_of_record
SF:lib\data\repositories\tv_series_repository_impl.dart
DA:15,1
DA:20,1
DA:23,2
DA:24,5
DA:25,1
DA:26,2
DA:30,1
DA:33,2
DA:34,5
DA:35,1
DA:36,2
DA:40,1
DA:43,2
DA:44,5
DA:45,1
DA:46,2
DA:50,1
DA:53,2
DA:54,0
DA:55,1
DA:56,2
DA:60,1
DA:63,2
DA:64,5
DA:65,1
DA:66,2
DA:70,1
DA:73,2
DA:74,5
DA:75,1
DA:76,2
DA:80,1
DA:83,3
DA:84,1
DA:85,1
DA:86,3
DA:92,1
DA:95,3
DA:96,1
DA:97,1
DA:98,3
DA:102,0
DA:104,0
DA:108,0
DA:110,0
DA:111,0
LF:46
LH:40
end_of_record
SF:lib\domain\usecases\get_movie_detail.dart
DA:9,1
DA:11,1
DA:12,2
LF:3
LH:3
end_of_record
SF:lib\domain\usecases\get_movie_recommendations.dart
DA:9,1
DA:11,1
DA:12,2
LF:3
LH:3
end_of_record
SF:lib\domain\usecases\get_now_playing_movies.dart
DA:9,1
DA:11,1
DA:12,2
LF:3
LH:3
end_of_record
SF:lib\domain\usecases\get_now_playing_tv_series.dart
DA:9,1
DA:11,1
DA:12,2
LF:3
LH:3
end_of_record
SF:lib\domain\usecases\get_popular_movies.dart
DA:9,1
DA:11,1
DA:12,2
LF:3
LH:3
end_of_record
SF:lib\domain\usecases\get_popular_tv_series.dart
DA:9,1
DA:11,1
DA:12,2
LF:3
LH:3
end_of_record
SF:lib\domain\usecases\get_top_rated_movies.dart
DA:9,1
DA:11,1
DA:12,2
LF:3
LH:3
end_of_record
SF:lib\domain\usecases\get_top_rated_tv_series.dart
DA:9,1
DA:11,1
DA:12,2
LF:3
LH:3
end_of_record
SF:lib\domain\usecases\get_tv_series_recommendations.dart
DA:9,1
DA:11,1
DA:12,2
LF:3
LH:3
end_of_record
SF:lib\domain\usecases\get_watchlist_movies.dart
DA:9,1
DA:11,1
DA:12,2
LF:3
LH:3
end_of_record
SF:lib\domain\usecases\get_watchlist_status.dart
DA:6,1
DA:8,1
DA:9,2
LF:3
LH:3
end_of_record
SF:lib\domain\usecases\get_watchlist_status_tv_series.dart
DA:6,1
DA:8,1
DA:9,2
LF:3
LH:3
end_of_record
SF:lib\domain\usecases\get_watchlist_tv_series.dart
DA:9,1
DA:11,1
DA:12,2
LF:3
LH:3
end_of_record
SF:lib\domain\usecases\remove_watchlist.dart
DA:9,1
DA:11,1
DA:12,2
LF:3
LH:3
end_of_record
SF:lib\domain\usecases\remove_watchlist_tv_series.dart
DA:9,1
DA:11,1
DA:12,2
LF:3
LH:3
end_of_record
SF:lib\domain\usecases\save_watchlist.dart
DA:9,1
DA:11,1
DA:12,2
LF:3
LH:3
end_of_record
SF:lib\domain\usecases\save_watchlist_tv_series.dart
DA:9,1
DA:11,1
DA:12,2
LF:3
LH:3
end_of_record
SF:lib\domain\usecases\search_movies.dart
DA:9,1
DA:11,1
DA:12,2
LF:3
LH:3
end_of_record
SF:lib\domain\usecases\search_tv_series.dart
DA:9,1
DA:11,1
DA:12,2
LF:3
LH:3
end_of_record
SF:lib\presentation\pages\movie_detail_page.dart
DA:16,2
DA:18,1
DA:19,1
DA:23,1
DA:25,1
DA:26,2
DA:27,2
DA:28,3
DA:29,2
DA:30,3
DA:34,1
DA:36,1
DA:37,1
DA:38,1
DA:39,2
DA:40,0
DA:41,0
DA:43,2
DA:44,1
DA:45,1
DA:46,1
DA:48,1
DA:49,1
DA:53,0
DA:66,2
DA:68,1
DA:70,3
DA:71,1
DA:72,1
DA:73,1
DA:74,3
DA:76,2
DA:77,1
DA:79,0
DA:81,1
DA:83,1
DA:84,1
DA:85,1
DA:86,1
DA:88,2
DA:95,1
DA:96,1
DA:97,1
DA:99,1
DA:101,1
DA:103,1
DA:104,1
DA:105,2
DA:106,1
DA:108,1
DA:109,1
DA:110,1
DA:111,1
DA:114,2
DA:116,0
DA:119,0
DA:123,1
DA:125,1
DA:127,1
DA:130,1
DA:133,2
DA:134,2
DA:136,1
DA:138,1
DA:139,1
DA:140,1
DA:145,1
DA:147,1
DA:148,1
DA:149,1
DA:150,1
DA:151,1
DA:155,1
DA:156,3
DA:158,1
DA:159,3
DA:161,1
DA:162,1
DA:163,1
DA:164,3
DA:166,2
DA:172,4
DA:175,1
DA:176,1
DA:178,1
DA:180,1
DA:181,2
DA:183,1
DA:184,1
DA:186,1
DA:188,1
DA:189,1
DA:190,2
DA:192,0
DA:193,0
DA:195,2
DA:197,0
DA:198,2
DA:200,1
DA:202,1
DA:204,0
DA:205,0
DA:206,0
DA:208,0
DA:209,0
DA:210,0
DA:213,0
DA:216,0
DA:217,0
DA:218,0
DA:220,0
DA:222,0
DA:223,0
DA:224,0
DA:226,0
DA:229,0
DA:230,0
DA:236,2
DA:240,0
DA:248,1
DA:250,1
DA:265,1
DA:267,1
DA:270,1
DA:271,1
DA:272,0
DA:273,0
DA:282,1
DA:284,2
DA:285,3
DA:288,1
DA:292,3
DA:295,1
DA:296,1
DA:297,1
DA:299,1
DA:300,1
DA:302,0
LF:138
LH:108
end_of_record
SF:lib\presentation\provider\movie_detail_notifier.dart
DA:22,1
DA:31,2
DA:34,2
DA:37,2
DA:40,2
DA:43,2
DA:46,2
DA:48,1
DA:49,1
DA:50,1
DA:52,2
DA:53,1
DA:54,1
DA:55,1
DA:56,2
DA:58,1
DA:59,1
DA:60,1
DA:63,1
DA:66,1
DA:68,1
DA:69,1
DA:72,2
DA:73,1
DA:74,1
DA:75,1
DA:76,2
DA:77,1
DA:79,1
DA:80,1
DA:81,1
DA:84,2
DA:87,2
DA:89,1
DA:93,0
DA:94,0
DA:95,0
DA:100,2
DA:102,1
DA:103,2
DA:105,1
DA:106,1
DA:107,2
DA:109,1
DA:110,1
DA:114,2
DA:117,1
DA:118,2
DA:120,1
DA:121,0
DA:122,0
DA:124,1
DA:125,1
DA:129,2
DA:132,1
DA:134,2
DA:135,1
DA:136,1
DA:138,0
DA:139,0
LF:60
LH:53
end_of_record
SF:lib\common\constants.dart
DA:15,4
DA:16,2
DA:17,15
DA:19,3
DA:21,3
DA:25,0
DA:26,0
DA:27,0
DA:28,0
DA:29,0
DA:32,0
DA:33,0
LF:12
LH:5
end_of_record
SF:lib\presentation\pages\popular_movies_page.dart
DA:10,2
DA:12,1
DA:13,1
DA:17,1
DA:19,1
DA:20,2
DA:21,2
DA:22,1
DA:25,1
DA:27,1
DA:28,1
DA:29,1
DA:31,1
DA:33,1
DA:34,1
DA:35,2
DA:36,1
DA:37,1
DA:39,2
DA:40,1
DA:41,0
DA:42,0
DA:43,0
DA:45,2
DA:48,1
DA:49,1
DA:50,2
LF:27
LH:24
end_of_record
SF:lib\presentation\provider\popular_movies_notifier.dart
DA:9,1
DA:12,2
DA:15,2
DA:18,2
DA:20,1
DA:21,1
DA:22,1
DA:24,2
DA:26,1
DA:27,1
DA:28,2
DA:29,1
DA:30,1
DA:32,1
DA:33,1
DA:34,1
DA:35,1
LF:17
LH:17
end_of_record
SF:lib\presentation\widgets\movie_card_list.dart
DA:10,2
DA:12,1
DA:14,1
DA:16,1
DA:17,1
DA:18,1
DA:21,2
DA:24,1
DA:26,1
DA:27,1
DA:28,1
DA:34,1
DA:36,1
DA:37,1
DA:38,2
DA:41,1
DA:43,1
DA:44,1
DA:45,2
DA:53,1
DA:58,1
DA:59,2
DA:60,1
DA:61,3
DA:63,2
DA:64,1
DA:66,2
LF:27
LH:27
end_of_record
SF:lib\presentation\pages\top_rated_movies_page.dart
DA:10,2
DA:12,1
DA:13,1
DA:17,1
DA:19,1
DA:20,2
DA:21,2
DA:22,1
DA:25,1
DA:27,1
DA:28,1
DA:29,1
DA:31,1
DA:33,1
DA:34,1
DA:35,2
DA:36,1
DA:37,1
DA:39,2
DA:40,1
DA:41,0
DA:42,0
DA:43,0
DA:45,2
DA:48,1
DA:49,1
DA:50,2
LF:27
LH:24
end_of_record
SF:lib\presentation\provider\top_rated_movies_notifier.dart
DA:9,1
DA:12,2
DA:15,2
DA:18,2
DA:20,1
DA:21,1
DA:22,1
DA:24,2
DA:26,1
DA:27,1
DA:28,2
DA:29,1
DA:30,1
DA:32,1
DA:33,1
DA:34,1
DA:35,1
LF:17
LH:17
end_of_record
SF:lib\presentation\pages\tv_series_detail_page.dart
DA:15,1
DA:17,1
DA:18,1
DA:22,1
DA:24,1
DA:25,2
DA:26,2
DA:27,3
DA:28,2
DA:29,3
DA:30,2
DA:31,3
DA:35,1
DA:37,1
DA:38,1
DA:39,1
DA:40,2
DA:44,2
DA:45,0
DA:46,0
DA:48,1
DA:53,1
DA:54,1
DA:55,1
DA:56,1
DA:57,1
DA:72,1
DA:73,1
DA:75,1
DA:76,1
DA:77,4
DA:80,1
DA:82,3
DA:83,1
DA:84,1
DA:85,1
DA:86,2
DA:87,2
DA:88,1
DA:89,0
DA:90,0
DA:92,1
DA:94,1
DA:97,0
DA:98,0
DA:103,1
DA:106,1
DA:108,1
DA:110,0
DA:115,1
DA:117,1
DA:121,1
DA:122,1
DA:123,1
DA:126,1
DA:127,1
DA:128,1
DA:139,1
DA:140,1
DA:141,1
DA:143,1
DA:145,1
DA:147,1
DA:148,1
DA:149,2
DA:150,1
DA:153,1
DA:154,1
DA:155,1
DA:156,3
DA:158,1
DA:165,1
DA:166,4
DA:167,1
DA:172,1
DA:173,1
DA:174,1
DA:175,1
DA:176,0
DA:177,0
DA:178,0
DA:181,0
DA:183,0
DA:186,0
DA:190,0
DA:193,0
DA:195,0
DA:198,0
DA:201,0
DA:202,0
DA:204,0
DA:206,0
DA:207,0
DA:208,0
DA:213,1
DA:214,1
DA:218,1
DA:219,1
DA:228,1
DA:230,1
DA:233,1
DA:234,2
DA:235,1
DA:238,5
DA:239,1
DA:240,4
DA:241,1
DA:245,4
DA:246,1
DA:247,3
DA:248,1
DA:252,4
DA:253,1
DA:254,3
DA:255,1
DA:259,4
DA:260,1
DA:261,3
DA:262,1
DA:266,1
DA:267,1
DA:268,1
DA:269,2
DA:270,3
DA:271,2
DA:277,4
DA:293,1
DA:294,3
DA:295,1
DA:299,1
DA:300,1
DA:302,1
DA:304,1
DA:305,2
DA:307,1
DA:308,1
DA:310,1
DA:312,1
DA:313,1
DA:314,1
DA:315,2
DA:323,2
DA:325,1
DA:327,1
DA:328,1
DA:329,1
DA:332,2
DA:333,1
DA:335,1
DA:337,1
DA:341,1
DA:343,1
DA:345,2
DA:346,1
DA:347,2
DA:348,1
DA:350,1
DA:351,0
DA:352,0
DA:355,0
DA:358,1
DA:359,1
DA:360,1
DA:363,1
DA:364,1
DA:365,1
DA:366,0
DA:367,0
DA:368,2
DA:371,1
DA:376,0
DA:379,0
DA:395,1
DA:400,1
DA:402,1
LF:175
LH:145
end_of_record
SF:lib\presentation\provider\tv_series_detail_notifier.dart
DA:21,1
DA:39,2
DA:40,2
DA:41,2
DA:42,2
DA:44,2
DA:45,2
DA:47,2
DA:48,2
DA:50,1
DA:51,1
DA:52,1
DA:54,2
DA:55,2
DA:57,1
DA:58,1
DA:59,1
DA:60,2
DA:61,1
DA:63,1
DA:64,1
DA:65,1
DA:66,1
DA:68,1
DA:72,1
DA:73,1
DA:74,1
DA:75,2
DA:76,2
DA:77,1
DA:79,1
DA:80,1
DA:81,1
DA:82,1
DA:83,1
DA:88,1
DA:90,1
DA:91,1
DA:92,1
DA:93,1
DA:94,1
DA:95,1
DA:96,1
DA:97,1
DA:98,1
DA:99,5
DA:100,1
DA:101,1
DA:102,1
DA:103,1
DA:104,1
DA:105,1
DA:108,2
DA:109,1
DA:110,1
DA:111,2
DA:113,1
DA:114,1
DA:115,1
DA:119,0
DA:121,1
DA:125,1
DA:127,1
DA:128,1
DA:129,1
DA:130,1
DA:131,1
DA:132,1
DA:133,1
DA:134,1
DA:135,1
DA:136,5
DA:137,1
DA:138,1
DA:139,1
DA:140,1
DA:141,1
DA:142,1
DA:145,2
DA:146,1
DA:147,1
DA:148,2
DA:150,1
DA:151,1
DA:152,1
DA:156,0
DA:158,1
DA:162,1
DA:164,2
DA:165,1
DA:167,1
DA:169,1
DA:172,1
DA:173,1
DA:174,1
DA:176,2
DA:177,1
DA:178,1
DA:179,1
DA:180,2
DA:181,2
DA:182,1
DA:184,1
DA:185,1
DA:186,1
DA:187,1
DA:188,1
LF:107
LH:105
end_of_record
SF:lib\presentation\provider\movie_list_notifier.dart
DA:10,2
DA:13,2
DA:16,2
DA:19,2
DA:22,2
DA:25,2
DA:28,2
DA:30,1
DA:40,1
DA:41,1
DA:42,1
DA:44,2
DA:45,1
DA:46,1
DA:47,1
DA:48,2
DA:49,1
DA:51,1
DA:52,1
DA:53,1
DA:54,1
DA:59,1
DA:60,1
DA:61,1
DA:63,2
DA:64,1
DA:65,1
DA:66,1
DA:67,2
DA:68,1
DA:70,1
DA:71,1
DA:72,1
DA:73,1
DA:78,1
DA:79,1
DA:80,1
DA:82,2
DA:83,1
DA:84,1
DA:85,1
DA:86,2
DA:87,1
DA:89,1
DA:90,1
DA:91,1
DA:92,1
LF:47
LH:47
end_of_record
SF:lib\presentation\provider\movie_search_notifier.dart
DA:9,1
DA:12,2
DA:15,2
DA:18,2
DA:20,1
DA:21,1
DA:22,1
DA:24,2
DA:25,1
DA:26,1
DA:27,2
DA:28,1
DA:29,1
DA:31,1
DA:32,1
DA:33,1
DA:34,1
LF:17
LH:17
end_of_record
SF:lib\presentation\provider\watchlist_movie_notifier.dart
DA:8,2
DA:11,2
DA:14,2
DA:16,1
DA:20,1
DA:21,1
DA:22,1
DA:24,2
DA:25,1
DA:26,1
DA:27,1
DA:28,2
DA:29,1
DA:31,1
DA:32,1
DA:33,1
DA:34,1
LF:17
LH:17
end_of_record
SF:lib\presentation\provider\watchlist_tv_series_notifier.dart
DA:13,1
DA:23,2
DA:25,2
DA:27,2
DA:29,1
DA:30,1
DA:31,1
DA:33,2
DA:34,1
DA:35,1
DA:36,1
DA:37,2
DA:38,1
DA:40,1
DA:41,1
DA:42,1
DA:43,1
DA:48,1
DA:49,2
DA:50,1
DA:51,1
DA:52,2
DA:54,1
DA:55,1
DA:58,1
DA:61,1
DA:62,2
DA:63,1
DA:64,1
DA:65,2
DA:67,1
DA:68,1
DA:71,1
DA:74,1
DA:75,2
DA:76,1
DA:77,1
DA:78,5
LF:38
LH:38
end_of_record
SF:lib\presentation\widgets\tv_series_card_list.dart
DA:11,1
DA:14,1
DA:16,1
DA:18,1
DA:20,1
DA:22,1
DA:23,1
DA:24,1
DA:25,1
DA:26,4
DA:27,1
DA:28,1
DA:29,1
DA:31,1
DA:32,0
DA:33,0
DA:36,0
DA:39,1
DA:41,1
DA:42,3
DA:58,2
LF:21
LH:18
end_of_record
SF:lib\presentation\widgets\tv_series_card.dart
DA:10,4
DA:12,2
DA:14,2
DA:16,2
DA:17,2
DA:18,2
DA:21,4
DA:24,2
DA:26,2
DA:27,2
DA:28,2
DA:34,2
DA:36,2
DA:37,2
DA:38,4
DA:41,2
DA:44,2
DA:45,4
DA:53,2
DA:58,2
DA:60,2
DA:61,6
DA:63,4
DA:64,2
DA:66,0
LF:25
LH:24
end_of_record
